<?xml version="1.0" encoding="UTF-8"?>
<testsuite xmlns:xsi="http://www.w3.org/2001/XMLSchema-instance" xsi:noNamespaceSchemaLocation="https://maven.apache.org/surefire/maven-surefire-plugin/xsd/surefire-test-report-3.0.xsd" version="3.0" name="PositiveUploadTest" time="0.617" tests="1" errors="0" skipped="0" failures="0">
  <properties>
[...]
</properties>
  <testcase name="check_Uploaded_HealthDataSample_Corresponds_ExactlyTo_Downloaded_Sample" classname="PositiveUploadTest" time="0.601">
    <system-out><![CDATA[Authentication Token : -> 207ad3c2209ff8c74032e3f2ebb3b629
Response Code: [204] : Data Upload Success: -> true
We Uploaded data just after timestamp: -> 1718449227067
Downloaded data: -> {"authenticationToken":"207ad3c2209ff8c74032e3f2ebb3b629","dataSources":[{"dataSource":1001,"data":[{"startTimestampUnix":1718449227000,"createdAtUnix":1718449227119,"dynamicValueType":5020,"value":"73.2","valueType":"DOUBLE"},{"startTimestampUnix":1718449227000,"createdAtUnix":1718449227119,"dynamicValueType":5030,"value":"175","valueType":"LONG"}]}]}
]]></system-out>
  </testcase>
</testsuite>